number,value,datetime_start,datetime_complete,duration,params_bagging_fraction,params_bagging_freq,params_feature_fraction,params_learning_rate,params_max_depth,params_min_child_samples,params_n_estimators,params_num_leaves,params_reg_alpha,params_reg_lambda,user_attrs_best_iteration,user_attrs_inner_val_brier,user_attrs_inner_val_log_loss,user_attrs_inner_val_roc_auc,user_attrs_inner_val_top10_lift,user_attrs_inner_val_top10_n,user_attrs_inner_val_top1_lift,user_attrs_inner_val_top1_n,user_attrs_inner_val_top5_lift,user_attrs_inner_val_top5_n,state
82,0.6308186870499276,2026-05-01 17:54:18.393665,2026-05-01 17:54:20.581714,0 days 00:00:02.188049,0.7021807527269637,0,0.8158995841909616,0.07533848376922886,9,161,627,22,1.3737397550053743e-05,0.00027671798312871635,,,,,,,,,,,PRUNED
83,0.63139408315339,2026-05-01 17:54:20.699444,2026-05-01 17:54:23.007319,0 days 00:00:02.307875,0.7300686481177117,2,0.7777179557334143,0.09128762385669897,6,84,219,16,5.37129338220461e-06,0.0010532185651222032,,,,,,,,,,,PRUNED
84,0.6355754764525352,2026-05-01 17:54:23.130597,2026-05-01 17:54:25.651348,0 days 00:00:02.520751,0.6572409377427804,1,0.7119616455351223,0.08739525068586275,5,165,993,20,2.529237863866584e-07,0.0004575731700616879,,,,,,,,,,,PRUNED
85,0.6267421539936472,2026-05-01 17:54:25.775639,2026-05-01 17:54:28.104110,0 days 00:00:02.328471,0.607922611738086,1,0.951991735346775,0.010189412800263323,7,54,772,25,1.5247048769397088e-06,0.002773854226575791,,,,,,,,,,,PRUNED
86,0.6247528661374233,2026-05-01 17:54:28.248881,2026-05-01 17:54:30.847473,0 days 00:00:02.598592,0.5841055213874691,0,0.835882051416841,0.013218344166748648,6,45,525,29,8.339951806789513e-08,1.8715471128471953e-08,,,,,,,,,,,PRUNED
87,0.6301007082918577,2026-05-01 17:54:30.978632,2026-05-01 17:54:33.972124,0 days 00:00:02.993492,0.6288915177291504,2,0.6805916646964251,0.01692437447344886,8,155,705,75,2.9740874242028163e-06,3.7678540364692256e-05,,,,,,,,,,,PRUNED
88,0.6313063105248202,2026-05-01 17:54:34.097716,2026-05-01 17:54:36.324100,0 days 00:00:02.226384,0.6924334003365261,3,0.7279436032787451,0.07429981421683202,9,148,952,22,3.831034546930354e-05,0.0015564446691192536,,,,,,,,,,,PRUNED
89,0.6347213812591458,2026-05-01 17:54:36.496951,2026-05-01 17:54:39.448398,0 days 00:00:02.951447,0.5641644027018641,1,0.766790104663895,0.08162060576366399,5,134,890,33,1.711605730334924e-05,8.475085972308543e-05,,,,,,,,,,,PRUNED
90,2.1062201324065035,2026-05-01 17:54:39.578488,2026-05-01 17:54:45.028146,0 days 00:00:05.449658,0.5931529397533651,0,0.7915331963943387,0.09441823238739898,6,61,571,17,7.488434865984063e-06,0.00013801318102586645,98.0,0.0936718829881038,0.32917777962367084,0.6385058662616285,1.89891355692017,3939.0,2.5029073322319437,394.0,2.1062201324065035,1970.0,COMPLETE
91,0.631836013131672,2026-05-01 17:54:45.120742,2026-05-01 17:54:47.838490,0 days 00:00:02.717748,0.5957333569805159,0,0.792130987065918,0.09238940358842643,6,63,583,17,1.8151438130336062e-06,0.0002964838378208312,,,,,,,,,,,PRUNED
92,0.6315219396233955,2026-05-01 17:54:48.013220,2026-05-01 17:54:50.570766,0 days 00:00:02.557546,0.6449041454923549,0,0.826216679535713,0.09599837432293591,7,60,437,15,8.002705718891361e-06,0.0006357399490219917,,,,,,,,,,,PRUNED
93,2.0873302657481494,2026-05-01 17:54:50.698854,2026-05-01 17:54:55.866723,0 days 00:00:05.167869,0.5753648424236696,0,0.7972012088973666,0.09892502461507832,8,69,634,20,4.29293490357702e-06,0.0001482855319377897,64.0,0.09371099999706616,0.32931628765015386,0.6373504452494161,1.887104393008975,3939.0,2.3848456656172297,394.0,2.0873302657481494,1970.0,COMPLETE
94,0.6322778289014057,2026-05-01 17:54:55.975342,2026-05-01 17:54:58.524934,0 days 00:00:02.549592,0.6340311799661769,0,0.7950282472824091,0.0998640891250052,8,47,638,20,8.460561064847603e-07,0.0001627395959355249,,,,,,,,,,,PRUNED
95,0.6292763946570178,2026-05-01 17:54:58.677431,2026-05-01 17:55:03.565319,0 days 00:00:04.887888,0.5741861015723618,1,0.8530518381670862,0.08205831277759301,8,16,571,71,3.891530214706472e-06,7.291026414803712,,,,,,,,,,,PRUNED
96,0.6286741360311416,2026-05-01 17:55:03.735092,2026-05-01 17:55:06.744040,0 days 00:00:03.008948,0.5521296295229182,1,0.7466726246426365,0.019942671226504036,7,35,493,24,4.6098930107868127e-07,2.459278252151452e-05,,,,,,,,,,,PRUNED
97,0.6306302866129362,2026-05-01 17:55:06.917591,2026-05-01 17:55:09.489747,0 days 00:00:02.572156,0.5900034590347393,2,0.812041989106602,0.08732249006052574,9,97,675,28,7.6129053620905726e-06,0.00011465665234743029,,,,,,,,,,,PRUNED
98,0.6326645356874304,2026-05-01 17:55:09.628896,2026-05-01 17:55:12.683212,0 days 00:00:03.054316,0.6077430270108205,0,0.7672289723822218,0.09331135789238704,7,71,428,19,9.530426640029139e-05,1.2323331976821104,,,,,,,,,,,PRUNED
99,0.6312014838727049,2026-05-01 17:55:12.883560,2026-05-01 17:55:16.492139,0 days 00:00:03.608579,0.6820193939203857,1,0.7849072399242619,0.07282987165480846,6,39,717,31,1.181952963444043e-05,7.057978189880027e-05,,,,,,,,,,,PRUNED
